This is pdfTeX, Version 3.1415926-2.4-1.40.13 (MiKTeX 2.9 64-bit) (preloaded format=pdflatex 2013.1.28)  10 NOV 2016 17:22
entering extended mode
**thesis.tex
(F:\GitHubRepos\Thesis\Thesis\thesis.tex
LaTeX2e <2011/06/27>
Babel <v3.8m> and hyphenation patterns for english, afrikaans, ancientgreek, ar
abic, armenian, assamese, basque, bengali, bokmal, bulgarian, catalan, coptic, 
croatian, czech, danish, dutch, esperanto, estonian, farsi, finnish, french, ga
lician, german, german-x-2012-05-30, greek, gujarati, hindi, hungarian, iceland
ic, indonesian, interlingua, irish, italian, kannada, kurmanji, latin, latvian,
 lithuanian, malayalam, marathi, mongolian, mongolianlmc, monogreek, ngerman, n
german-x-2012-05-30, nynorsk, oriya, panjabi, pinyin, polish, portuguese, roman
ian, russian, sanskrit, serbian, slovak, slovenian, spanish, swedish, swissgerm
an, tamil, telugu, turkish, turkmen, ukenglish, ukrainian, uppersorbian, usengl
ishmax, welsh, loaded.
(F:\GitHubRepos\Thesis\Thesis\ociamthesis.cls
Document Class: ociamthesis 2010/11/22 v2.2 OCIAM thesis class
(D:\MikTex\tex\latex\base\report.cls
Document Class: report 2007/10/19 v1.4h Standard LaTeX document class
(D:\MikTex\tex\latex\base\size12.clo
File: size12.clo 2007/10/19 v1.4h Standard LaTeX file (size option)
)
\c@part=\count79
\c@chapter=\count80
\c@section=\count81
\c@subsection=\count82
\c@subsubsection=\count83
\c@paragraph=\count84
\c@subparagraph=\count85
\c@figure=\count86
\c@table=\count87
\abovecaptionskip=\skip41
\belowcaptionskip=\skip42
\bibindent=\dimen102
)
(D:\MikTex\tex\latex\graphics\graphicx.sty
Package: graphicx 1999/02/16 v1.0f Enhanced LaTeX Graphics (DPC,SPQR)

(D:\MikTex\tex\latex\graphics\keyval.sty
Package: keyval 1999/03/16 v1.13 key=value parser (DPC)
\KV@toks@=\toks14
)
(D:\MikTex\tex\latex\graphics\graphics.sty
Package: graphics 2009/02/05 v1.0o Standard LaTeX Graphics (DPC,SPQR)

(D:\MikTex\tex\latex\graphics\trig.sty
Package: trig 1999/03/16 v1.09 sin cos tan (DPC)
)
(D:\MikTex\tex\latex\00miktex\graphics.cfg
File: graphics.cfg 2007/01/18 v1.5 graphics configuration of teTeX/TeXLive
)
Package graphics Info: Driver file: pdftex.def on input line 91.

(D:\MikTex\tex\latex\pdftex-def\pdftex.def
File: pdftex.def 2011/05/27 v0.06d Graphics/color for pdfTeX

(D:\MikTex\tex\generic\oberdiek\infwarerr.sty
Package: infwarerr 2010/04/08 v1.3 Providing info/warning/error messages (HO)
)
(D:\MikTex\tex\generic\oberdiek\ltxcmds.sty
Package: ltxcmds 2011/11/09 v1.22 LaTeX kernel commands for general use (HO)
)
\Gread@gobject=\count88
))
\Gin@req@height=\dimen103
\Gin@req@width=\dimen104
)
(D:\MikTex\tex\latex\base\ifthen.sty
Package: ifthen 2001/05/26 v1.1c Standard LaTeX ifthen package (DPC)
))
(D:\MikTex\tex\latex\amsfonts\amssymb.sty
Package: amssymb 2009/06/22 v3.00

(D:\MikTex\tex\latex\amsfonts\amsfonts.sty
Package: amsfonts 2009/06/22 v3.00 Basic AMSFonts support
\@emptytoks=\toks15
\symAMSa=\mathgroup4
\symAMSb=\mathgroup5
LaTeX Font Info:    Overwriting math alphabet `\mathfrak' in version `bold'
(Font)                  U/euf/m/n --> U/euf/b/n on input line 96.
))
(D:\MikTex\tex\latex\ams\classes\amsthm.sty
Package: amsthm 2004/08/06 v2.20
\thm@style=\toks16
\thm@bodyfont=\toks17
\thm@headfont=\toks18
\thm@notefont=\toks19
\thm@headpunct=\toks20
\thm@preskip=\skip43
\thm@postskip=\skip44
\thm@headsep=\skip45
\dth@everypar=\toks21
)
(D:\MikTex\tex\latex\ams\math\amsmath.sty
Package: amsmath 2000/07/18 v2.13 AMS math features
\@mathmargin=\skip46

For additional information on amsmath, use the `?' option.
(D:\MikTex\tex\latex\ams\math\amstext.sty
Package: amstext 2000/06/29 v2.01

(D:\MikTex\tex\latex\ams\math\amsgen.sty
File: amsgen.sty 1999/11/30 v2.0
\@emptytoks=\toks22
\ex@=\dimen105
))
(D:\MikTex\tex\latex\ams\math\amsbsy.sty
Package: amsbsy 1999/11/29 v1.2d
\pmbraise@=\dimen106
)
(D:\MikTex\tex\latex\ams\math\amsopn.sty
Package: amsopn 1999/12/14 v2.01 operator names
)
\inf@bad=\count89
LaTeX Info: Redefining \frac on input line 211.
\uproot@=\count90
\leftroot@=\count91
LaTeX Info: Redefining \overline on input line 307.
\classnum@=\count92
\DOTSCASE@=\count93
LaTeX Info: Redefining \ldots on input line 379.
LaTeX Info: Redefining \dots on input line 382.
LaTeX Info: Redefining \cdots on input line 467.
\Mathstrutbox@=\box26
\strutbox@=\box27
\big@size=\dimen107
LaTeX Font Info:    Redeclaring font encoding OML on input line 567.
LaTeX Font Info:    Redeclaring font encoding OMS on input line 568.
\macc@depth=\count94
\c@MaxMatrixCols=\count95
\dotsspace@=\muskip10
\c@parentequation=\count96
\dspbrk@lvl=\count97
\tag@help=\toks23
\row@=\count98
\column@=\count99
\maxfields@=\count100
\andhelp@=\toks24
\eqnshift@=\dimen108
\alignsep@=\dimen109
\tagshift@=\dimen110
\tagwidth@=\dimen111
\totwidth@=\dimen112
\lineht@=\dimen113
\@envbody=\toks25
\multlinegap=\skip47
\multlinetaggap=\skip48
\mathdisplay@stack=\toks26
LaTeX Info: Redefining \[ on input line 2666.
LaTeX Info: Redefining \] on input line 2667.
)
(D:\MikTex\tex\latex\setspace\setspace.sty
Package: setspace 2011/12/19 v6.7a set line spacing
)
(D:\MikTex\tex\latex\graphics\epsfig.sty
Package: epsfig 1999/02/16 v1.7a (e)psfig emulation (SPQR)
\epsfxsize=\dimen114
\epsfysize=\dimen115
)
(D:\MikTex\tex\latex\oberdiek\epstopdf.sty
Package: epstopdf 2010/02/09 v2.5 Conversion with epstopdf on the fly (HO)

(D:\MikTex\tex\latex\oberdiek\epstopdf-base.sty
Package: epstopdf-base 2010/02/09 v2.5 Base part for package epstopdf

(D:\MikTex\tex\latex\oberdiek\grfext.sty
Package: grfext 2010/08/19 v1.1 Manage graphics extensions (HO)

(D:\MikTex\tex\generic\oberdiek\kvdefinekeys.sty
Package: kvdefinekeys 2011/04/07 v1.3 Define keys (HO)
))
(D:\MikTex\tex\latex\oberdiek\kvoptions.sty
Package: kvoptions 2011/06/30 v3.11 Key value format for package options (HO)

(D:\MikTex\tex\generic\oberdiek\kvsetkeys.sty
Package: kvsetkeys 2012/04/25 v1.16 Key value parser (HO)

(D:\MikTex\tex\generic\oberdiek\etexcmds.sty
Package: etexcmds 2011/02/16 v1.5 Avoid name clashes with e-TeX commands (HO)

(D:\MikTex\tex\generic\oberdiek\ifluatex.sty
Package: ifluatex 2010/03/01 v1.3 Provides the ifluatex switch (HO)
Package ifluatex Info: LuaTeX not detected.
)
Package etexcmds Info: Could not find \expanded.
(etexcmds)             That can mean that you are not using pdfTeX 1.50 or
(etexcmds)             that some package has redefined \expanded.
(etexcmds)             In the latter case, load this package earlier.
)))
(D:\MikTex\tex\generic\oberdiek\pdftexcmds.sty
Package: pdftexcmds 2011/11/29 v0.20 Utility functions of pdfTeX for LuaTeX (HO
)

(D:\MikTex\tex\generic\oberdiek\ifpdf.sty
Package: ifpdf 2011/01/30 v2.3 Provides the ifpdf switch (HO)
Package ifpdf Info: pdfTeX in PDF mode is detected.
)
Package pdftexcmds Info: LuaTeX not detected.
Package pdftexcmds Info: \pdf@primitive is available.
Package pdftexcmds Info: \pdf@ifprimitive is available.
Package pdftexcmds Info: \pdfdraftmode found.
)
Package grfext Info: Graphics extension search list:
(grfext)             [.png,.pdf,.jpg,.mps,.jpeg,.jbig2,.jb2,.PNG,.PDF,.JPG,.JPE
G,.JBIG2,.JB2,.eps]
(grfext)             \AppendGraphicsExtensions on input line 452.
))
(D:\MikTex\tex\latex\caption\subcaption.sty
Package: subcaption 2012/04/09 v1.1f Sub-captions (AR)

(D:\MikTex\tex\latex\caption\caption.sty
Package: caption 2013/01/06 v3.3 Customizing captions (AR)

(D:\MikTex\tex\latex\caption\caption3.sty
Package: caption3 2013/01/06 v1.5 caption3 kernel (AR)
\captionmargin=\dimen116
\captionmargin@=\dimen117
\captionwidth=\dimen118
\caption@tempdima=\dimen119
\caption@indent=\dimen120
\caption@parindent=\dimen121
\caption@hangindent=\dimen122
)
\c@ContinuedFloat=\count101
)
\c@subfigure=\count102
\c@subtable=\count103
) (D:\MikTex\tex\latex\cite\cite.sty
LaTeX Info: Redefining \cite on input line 302.
LaTeX Info: Redefining \nocite on input line 373.
Package: cite 2010/09/10  v 5.3
) (D:\MikTex\tex\latex\multirow\multirow.sty
\bigstrutjot=\dimen123
)
(D:\MikTex\tex\latex\makecell\makecell.sty
Package: makecell 2009/08/03 V0.1e Managing of Tab Column Heads and Cells
 (D:\MikTex\tex\latex\tools\array.sty
Package: array 2008/09/09 v2.4c Tabular extension package (FMi)
\col@sep=\dimen124
\extrarowheight=\dimen125
\NC@list=\toks27
\extratabsurround=\skip49
\backup@length=\skip50
)
\rotheadsize=\dimen126
\c@nlinenum=\count104
\TeXr@lab=\toks28
) (D:\MikTex\tex\latex\algorithms\algorithm.sty
Package: algorithm 2009/08/24 v0.1 Document Style `algorithm' - floating enviro
nment

(D:\MikTex\tex\latex\float\float.sty
Package: float 2001/11/08 v1.3d Float enhancements (AL)
\c@float@type=\count105
\float@exts=\toks29
\float@box=\box28
\@float@everytoks=\toks30
\@floatcapt=\box29
)
\@float@every@algorithm=\toks31
\c@algorithm=\count106
)
(D:\MikTex\tex\latex\algorithmicx\algpseudocode.sty
Package: algpseudocode 

(D:\MikTex\tex\latex\algorithmicx\algorithmicx.sty
Package: algorithmicx 2005/04/27 v1.2 Algorithmicx

Document Style algorithmicx 1.2 - a greatly improved `algorithmic' style
\c@ALG@line=\count107
\c@ALG@rem=\count108
\c@ALG@nested=\count109
\ALG@tlm=\skip51
\ALG@thistlm=\skip52
\c@ALG@Lnr=\count110
\c@ALG@blocknr=\count111
\c@ALG@storecount=\count112
\c@ALG@tmpcounter=\count113
\ALG@tmplength=\skip53
)
Document Style - pseudocode environments for use with the `algorithmicx' style
) (D:\MikTex\tex\latex\ltxmisc\url.sty
\Urlmuskip=\muskip11
Package: url 2006/04/12  ver 3.3  Verb mode for urls, etc.
) (D:\MikTex\tex\latex\ulem\ulem.sty
\UL@box=\box30
\UL@hyphenbox=\box31
\UL@skip=\skip54
\UL@hook=\toks32
\UL@height=\dimen127
\UL@pe=\count114
\UL@pixel=\dimen128
\ULC@box=\box32
Package: ulem 2012/05/18
\ULdepth=\dimen129
)
(D:\MikTex\tex\latex\booktabs\booktabs.sty
Package: booktabs 2005/04/14 v1.61803 publication quality tables
\heavyrulewidth=\dimen130
\lightrulewidth=\dimen131
\cmidrulewidth=\dimen132
\belowrulesep=\dimen133
\belowbottomsep=\dimen134
\aboverulesep=\dimen135
\abovetopsep=\dimen136
\cmidrulesep=\dimen137
\cmidrulekern=\dimen138
\defaultaddspace=\dimen139
\@cmidla=\count115
\@cmidlb=\count116
\@aboverulesep=\dimen140
\@belowrulesep=\dimen141
\@thisruleclass=\count117
\@lastruleclass=\count118
\@thisrulewidth=\dimen142
)
(D:\MikTex\tex\latex\todonotes\todonotes.sty
Package: todonotes 2012/07/25 .dtx Todonotes source and documentation.
Package: todonotes 2012/07/25

(D:\MikTex\tex\latex\xkeyval\xkeyval.sty
Package: xkeyval 2012/10/14 v2.6b package option processing (HA)

(D:\MikTex\tex\generic\xkeyval\xkeyval.tex
\XKV@toks=\toks33
\XKV@tempa@toks=\toks34
\XKV@depth=\count119
File: xkeyval.tex 2012/10/14 v2.6b key=value parser (HA)
))
(D:\MikTex\tex\latex\xcolor\xcolor.sty
Package: xcolor 2007/01/21 v2.11 LaTeX color extensions (UK)
 (D:\MikTex\tex\latex\00miktex\color.cfg
File: color.cfg 2007/01/18 v1.5 color configuration of teTeX/TeXLive
)
Package xcolor Info: Driver file: pdftex.def on input line 225.
Package xcolor Info: Model `cmy' substituted by `cmy0' on input line 1337.
Package xcolor Info: Model `hsb' substituted by `rgb' on input line 1341.
Package xcolor Info: Model `RGB' extended on input line 1353.
Package xcolor Info: Model `HTML' substituted by `rgb' on input line 1355.
Package xcolor Info: Model `Hsb' substituted by `hsb' on input line 1356.
Package xcolor Info: Model `tHsb' substituted by `hsb' on input line 1357.
Package xcolor Info: Model `HSB' substituted by `hsb' on input line 1358.
Package xcolor Info: Model `Gray' substituted by `gray' on input line 1359.
Package xcolor Info: Model `wave' substituted by `hsb' on input line 1360.
) (D:\MikTex\tex\latex\pgf\frontendlayer\tikz.sty
(D:\MikTex\tex\latex\pgf\basiclayer\pgf.sty
(D:\MikTex\tex\latex\pgf\utilities\pgfrcs.sty
(D:\MikTex\tex\generic\pgf\utilities\pgfutil-common.tex
\pgfutil@everybye=\toks35
)
(D:\MikTex\tex\generic\pgf\utilities\pgfutil-latex.def
\pgfutil@abb=\box33

(D:\MikTex\tex\latex\ms\everyshi.sty
Package: everyshi 2001/05/15 v3.00 EveryShipout Package (MS)
))
(D:\MikTex\tex\generic\pgf\utilities\pgfrcs.code.tex
Package: pgfrcs 2010/10/25 v2.10 (rcs-revision 1.24)
))
Package: pgf 2008/01/15 v2.10 (rcs-revision 1.12)

(D:\MikTex\tex\latex\pgf\basiclayer\pgfcore.sty
(D:\MikTex\tex\latex\pgf\systemlayer\pgfsys.sty
(D:\MikTex\tex\generic\pgf\systemlayer\pgfsys.code.tex
Package: pgfsys 2010/06/30 v2.10 (rcs-revision 1.37)

(D:\MikTex\tex\generic\pgf\utilities\pgfkeys.code.tex
\pgfkeys@pathtoks=\toks36
\pgfkeys@temptoks=\toks37

(D:\MikTex\tex\generic\pgf\utilities\pgfkeysfiltered.code.tex
\pgfkeys@tmptoks=\toks38
))
\pgf@x=\dimen143
\pgf@y=\dimen144
\pgf@xa=\dimen145
\pgf@ya=\dimen146
\pgf@xb=\dimen147
\pgf@yb=\dimen148
\pgf@xc=\dimen149
\pgf@yc=\dimen150
\w@pgf@writea=\write3
\r@pgf@reada=\read1
\c@pgf@counta=\count120
\c@pgf@countb=\count121
\c@pgf@countc=\count122
\c@pgf@countd=\count123

(D:\MikTex\tex\generic\pgf\systemlayer\pgf.cfg
File: pgf.cfg 2008/05/14  (rcs-revision 1.7)
)
Package pgfsys Info: Driver file for pgf: pgfsys-pdftex.def on input line 900.

(D:\MikTex\tex\generic\pgf\systemlayer\pgfsys-pdftex.def
File: pgfsys-pdftex.def 2009/05/22  (rcs-revision 1.26)

(D:\MikTex\tex\generic\pgf\systemlayer\pgfsys-common-pdf.def
File: pgfsys-common-pdf.def 2008/05/19  (rcs-revision 1.10)
)))
(D:\MikTex\tex\generic\pgf\systemlayer\pgfsyssoftpath.code.tex
File: pgfsyssoftpath.code.tex 2008/07/18  (rcs-revision 1.7)
\pgfsyssoftpath@smallbuffer@items=\count124
\pgfsyssoftpath@bigbuffer@items=\count125
)
(D:\MikTex\tex\generic\pgf\systemlayer\pgfsysprotocol.code.tex
File: pgfsysprotocol.code.tex 2006/10/16  (rcs-revision 1.4)
))
(D:\MikTex\tex\generic\pgf\basiclayer\pgfcore.code.tex
Package: pgfcore 2010/04/11 v2.10 (rcs-revision 1.7)

(D:\MikTex\tex\generic\pgf\math\pgfmath.code.tex
(D:\MikTex\tex\generic\pgf\math\pgfmathcalc.code.tex
(D:\MikTex\tex\generic\pgf\math\pgfmathutil.code.tex)
(D:\MikTex\tex\generic\pgf\math\pgfmathparser.code.tex
\pgfmath@dimen=\dimen151
\pgfmath@count=\count126
\pgfmath@box=\box34
\pgfmath@toks=\toks39
\pgfmath@stack@operand=\toks40
\pgfmath@stack@operation=\toks41
)
(D:\MikTex\tex\generic\pgf\math\pgfmathfunctions.code.tex
(D:\MikTex\tex\generic\pgf\math\pgfmathfunctions.basic.code.tex)
(D:\MikTex\tex\generic\pgf\math\pgfmathfunctions.trigonometric.code.tex)
(D:\MikTex\tex\generic\pgf\math\pgfmathfunctions.random.code.tex)
(D:\MikTex\tex\generic\pgf\math\pgfmathfunctions.comparison.code.tex)
(D:\MikTex\tex\generic\pgf\math\pgfmathfunctions.base.code.tex)
(D:\MikTex\tex\generic\pgf\math\pgfmathfunctions.round.code.tex)
(D:\MikTex\tex\generic\pgf\math\pgfmathfunctions.misc.code.tex)))
(D:\MikTex\tex\generic\pgf\math\pgfmathfloat.code.tex
\c@pgfmathroundto@lastzeros=\count127
))
(D:\MikTex\tex\generic\pgf\basiclayer\pgfcorepoints.code.tex
File: pgfcorepoints.code.tex 2010/04/09  (rcs-revision 1.20)
\pgf@picminx=\dimen152
\pgf@picmaxx=\dimen153
\pgf@picminy=\dimen154
\pgf@picmaxy=\dimen155
\pgf@pathminx=\dimen156
\pgf@pathmaxx=\dimen157
\pgf@pathminy=\dimen158
\pgf@pathmaxy=\dimen159
\pgf@xx=\dimen160
\pgf@xy=\dimen161
\pgf@yx=\dimen162
\pgf@yy=\dimen163
\pgf@zx=\dimen164
\pgf@zy=\dimen165
)
(D:\MikTex\tex\generic\pgf\basiclayer\pgfcorepathconstruct.code.tex
File: pgfcorepathconstruct.code.tex 2010/08/03  (rcs-revision 1.24)
\pgf@path@lastx=\dimen166
\pgf@path@lasty=\dimen167
)
(D:\MikTex\tex\generic\pgf\basiclayer\pgfcorepathusage.code.tex
File: pgfcorepathusage.code.tex 2008/04/22  (rcs-revision 1.12)
\pgf@shorten@end@additional=\dimen168
\pgf@shorten@start@additional=\dimen169
)
(D:\MikTex\tex\generic\pgf\basiclayer\pgfcorescopes.code.tex
File: pgfcorescopes.code.tex 2010/09/08  (rcs-revision 1.34)
\pgfpic=\box35
\pgf@hbox=\box36
\pgf@layerbox@main=\box37
\pgf@picture@serial@count=\count128
)
(D:\MikTex\tex\generic\pgf\basiclayer\pgfcoregraphicstate.code.tex
File: pgfcoregraphicstate.code.tex 2008/04/22  (rcs-revision 1.9)
\pgflinewidth=\dimen170
)
(D:\MikTex\tex\generic\pgf\basiclayer\pgfcoretransformations.code.tex
File: pgfcoretransformations.code.tex 2009/06/10  (rcs-revision 1.11)
\pgf@pt@x=\dimen171
\pgf@pt@y=\dimen172
\pgf@pt@temp=\dimen173
)
(D:\MikTex\tex\generic\pgf\basiclayer\pgfcorequick.code.tex
File: pgfcorequick.code.tex 2008/10/09  (rcs-revision 1.3)
)
(D:\MikTex\tex\generic\pgf\basiclayer\pgfcoreobjects.code.tex
File: pgfcoreobjects.code.tex 2006/10/11  (rcs-revision 1.2)
)
(D:\MikTex\tex\generic\pgf\basiclayer\pgfcorepathprocessing.code.tex
File: pgfcorepathprocessing.code.tex 2008/10/09  (rcs-revision 1.8)
)
(D:\MikTex\tex\generic\pgf\basiclayer\pgfcorearrows.code.tex
File: pgfcorearrows.code.tex 2008/04/23  (rcs-revision 1.11)
)
(D:\MikTex\tex\generic\pgf\basiclayer\pgfcoreshade.code.tex
File: pgfcoreshade.code.tex 2008/11/23  (rcs-revision 1.13)
\pgf@max=\dimen174
\pgf@sys@shading@range@num=\count129
)
(D:\MikTex\tex\generic\pgf\basiclayer\pgfcoreimage.code.tex
File: pgfcoreimage.code.tex 2010/03/25  (rcs-revision 1.16)

(D:\MikTex\tex\generic\pgf\basiclayer\pgfcoreexternal.code.tex
File: pgfcoreexternal.code.tex 2010/09/01  (rcs-revision 1.17)
\pgfexternal@startupbox=\box38
))
(D:\MikTex\tex\generic\pgf\basiclayer\pgfcorelayers.code.tex
File: pgfcorelayers.code.tex 2010/08/27  (rcs-revision 1.2)
)
(D:\MikTex\tex\generic\pgf\basiclayer\pgfcoretransparency.code.tex
File: pgfcoretransparency.code.tex 2008/01/17  (rcs-revision 1.2)
)
(D:\MikTex\tex\generic\pgf\basiclayer\pgfcorepatterns.code.tex
File: pgfcorepatterns.code.tex 2009/07/02  (rcs-revision 1.3)
)))
(D:\MikTex\tex\generic\pgf\modules\pgfmoduleshapes.code.tex
File: pgfmoduleshapes.code.tex 2010/09/09  (rcs-revision 1.13)
\pgfnodeparttextbox=\box39
)
(D:\MikTex\tex\generic\pgf\modules\pgfmoduleplot.code.tex
File: pgfmoduleplot.code.tex 2010/10/22  (rcs-revision 1.8)
)
(D:\MikTex\tex\latex\pgf\compatibility\pgfcomp-version-0-65.sty
Package: pgfcomp-version-0-65 2007/07/03 v2.10 (rcs-revision 1.7)
\pgf@nodesepstart=\dimen175
\pgf@nodesepend=\dimen176
)
(D:\MikTex\tex\latex\pgf\compatibility\pgfcomp-version-1-18.sty
Package: pgfcomp-version-1-18 2007/07/23 v2.10 (rcs-revision 1.1)
))
(D:\MikTex\tex\latex\pgf\utilities\pgffor.sty
(D:\MikTex\tex\latex\pgf\utilities\pgfkeys.sty
(D:\MikTex\tex\generic\pgf\utilities\pgfkeys.code.tex))
(D:\MikTex\tex\generic\pgf\utilities\pgffor.code.tex
Package: pgffor 2010/03/23 v2.10 (rcs-revision 1.18)
\pgffor@iter=\dimen177
\pgffor@skip=\dimen178
\pgffor@stack=\toks42
\pgffor@toks=\toks43
))
(D:\MikTex\tex\generic\pgf\frontendlayer\tikz\tikz.code.tex
Package: tikz 2010/10/13 v2.10 (rcs-revision 1.76)

(D:\MikTex\tex\generic\pgf\libraries\pgflibraryplothandlers.code.tex
File: pgflibraryplothandlers.code.tex 2010/05/31 v2.10 (rcs-revision 1.15)
\pgf@plot@mark@count=\count130
\pgfplotmarksize=\dimen179
)
\tikz@lastx=\dimen180
\tikz@lasty=\dimen181
\tikz@lastxsaved=\dimen182
\tikz@lastysaved=\dimen183
\tikzleveldistance=\dimen184
\tikzsiblingdistance=\dimen185
\tikz@figbox=\box40
\tikz@tempbox=\box41
\tikztreelevel=\count131
\tikznumberofchildren=\count132
\tikznumberofcurrentchild=\count133
\tikz@fig@count=\count134

(D:\MikTex\tex\generic\pgf\modules\pgfmodulematrix.code.tex
File: pgfmodulematrix.code.tex 2010/08/24  (rcs-revision 1.4)
\pgfmatrixcurrentrow=\count135
\pgfmatrixcurrentcolumn=\count136
\pgf@matrix@numberofcolumns=\count137
)
\tikz@expandcount=\count138

(D:\MikTex\tex\generic\pgf\frontendlayer\tikz\libraries\tikzlibrarytopaths.code
.tex
File: tikzlibrarytopaths.code.tex 2008/06/17 v2.10 (rcs-revision 1.2)
)))
(D:\MikTex\tex\generic\pgf\frontendlayer\tikz\libraries\tikzlibrarypositioning.
code.tex
File: tikzlibrarypositioning.code.tex 2008/10/06 v2.10 (rcs-revision 1.7)
) (D:\MikTex\tex\latex\tools\calc.sty
Package: calc 2007/08/22 v4.3 Infix arithmetic (KKT,FJ)
\calc@Acount=\count139
\calc@Bcount=\count140
\calc@Adimen=\dimen186
\calc@Bdimen=\dimen187
\calc@Askip=\skip55
\calc@Bskip=\skip56
LaTeX Info: Redefining \setlength on input line 76.
LaTeX Info: Redefining \addtolength on input line 77.
\calc@Ccount=\count141
\calc@Cskip=\skip57
)
\c@@todonotes@numberoftodonotes=\count142
)
\c@example=\count143
\c@theorem=\count144
\c@definition=\count145
\c@query=\count146

(F:\GitHubRepos\Thesis\Thesis\thesis.aux
(F:\GitHubRepos\Thesis\Thesis\chapter1/chapter1.aux)
(F:\GitHubRepos\Thesis\Thesis\chapter2/chapter2.aux)
(F:\GitHubRepos\Thesis\Thesis\chapter3/chapter3.aux)
(F:\GitHubRepos\Thesis\Thesis\chapter4/chapter4.aux)
(F:\GitHubRepos\Thesis\Thesis\chapter5/chapter5.aux)
(F:\GitHubRepos\Thesis\Thesis\conclusions.aux)
(F:\GitHubRepos\Thesis\Thesis\appendix.aux))
LaTeX Font Info:    Checking defaults for OML/cmm/m/it on input line 67.
LaTeX Font Info:    ... okay on input line 67.
LaTeX Font Info:    Checking defaults for T1/cmr/m/n on input line 67.
LaTeX Font Info:    ... okay on input line 67.
LaTeX Font Info:    Checking defaults for OT1/cmr/m/n on input line 67.
LaTeX Font Info:    ... okay on input line 67.
LaTeX Font Info:    Checking defaults for OMS/cmsy/m/n on input line 67.
LaTeX Font Info:    ... okay on input line 67.
LaTeX Font Info:    Checking defaults for OMX/cmex/m/n on input line 67.
LaTeX Font Info:    ... okay on input line 67.
LaTeX Font Info:    Checking defaults for U/cmr/m/n on input line 67.
LaTeX Font Info:    ... okay on input line 67.

(D:\MikTex\tex\context\base\supp-pdf.mkii
[Loading MPS to PDF converter (version 2006.09.02).]
\scratchcounter=\count147
\scratchdimen=\dimen188
\scratchbox=\box42
\nofMPsegments=\count148
\nofMParguments=\count149
\everyMPshowfont=\toks44
\MPscratchCnt=\count150
\MPscratchDim=\dimen189
\MPnumerator=\count151
\makeMPintoPDFobject=\count152
\everyMPtoPDFconversion=\toks45
)
Package caption Info: Begin \AtBeginDocument code.
Package caption Info: float package is loaded.
Package caption Info: End \AtBeginDocument code.
 ABD: EveryShipout initializing macros
(F:\GitHubRepos\Thesis\Thesis\chapter4/chapter4.tex
Chapter 4.
LaTeX Font Info:    Try loading font information for U+msa on input line 1.
(D:\MikTex\tex\latex\amsfonts\umsa.fd
File: umsa.fd 2009/06/22 v3.00 AMS symbols A
)
LaTeX Font Info:    Try loading font information for U+msb on input line 1.
 (D:\MikTex\tex\latex\amsfonts\umsb.fd
File: umsb.fd 2009/06/22 v3.00 AMS symbols B
)
(F:\GitHubRepos\Thesis\Thesis\chapter4/introduction.tex [58






{C:/Users/a0048267/AppData/Local/MiKTeX/2.9/pdftex/config/pdftex.map}]
Underfull \hbox (badness 10000) in paragraph at lines 46--46
[][]\OT1/cmr/m/n/10 http://www.cbssports.com/nba/eye-on-basketball/24525914/ste
phen-curry-makes-history-
 []


Underfull \hbox (badness 10000) in paragraph at lines 48--48
[][]\OT1/cmr/m/n/10 http://www.zacks.com/stock/news/176469/china-stock-roundup-
ctrip-buys-elong-stake-trina-
 []

[59]
LaTeX Font Info:    Try loading font information for OMS+cmr on input line 186.

 (D:\MikTex\tex\latex\base\omscmr.fd
File: omscmr.fd 1999/05/25 v2.5h Standard LaTeX font definitions
)
LaTeX Font Info:    Font shape `OMS/cmr/m/n' in size <12> not available
(Font)              Font shape `OMS/cmsy/m/n' tried instead on input line 186.
 [60])
(F:\GitHubRepos\Thesis\Thesis\chapter4/relatedworks.tex [61] [62] [63]

LaTeX Warning: Citation `ritter2012opendoamin' on page 64 undefined on input li
ne 53.

) (F:\GitHubRepos\Thesis\Thesis\chapter4/definitions.tex [64]

Package amsmath Warning: Foreign command \atopwithdelims;
(amsmath)                \frac or \genfrac should be used instead
(amsmath)                 on input line 18.

Package epstopdf Info: Source file: <./Charts/chapter4/charts/application.eps>
(epstopdf)                    date: 2016-08-28 10:08:48
(epstopdf)                    size: 1209409 bytes
(epstopdf)             Output file: <./Charts/application-eps-converted-to.pdf>

(epstopdf)                    date: 2016-08-28 10:08:48
(epstopdf)                    size: 106746 bytes
(epstopdf)             Command: <epstopdf --outfile=./Charts/application-eps-co
nverted-to.pdf ./Charts/chapter4/charts/application.eps>
(epstopdf)             \includegraphics on input line 32.
Package epstopdf Info: Output file is already uptodate.
<./Charts/application-eps-converted-to.pdf, id=36, 1469.49pt x 567.11874pt>
File: ./Charts/application-eps-converted-to.pdf Graphic file (type pdf)

<use ./Charts/application-eps-converted-to.pdf>
Package pdftex.def Info: ./Charts/application-eps-converted-to.pdf used on inpu
t line 32.
(pdftex.def)             Requested size: 433.62pt x 167.34184pt.
 [65] [66 <F:/GitHubRepos/Thesis/Thesis/Charts/application-eps-converted-to.pdf
>] [67])
(F:\GitHubRepos\Thesis\Thesis\chapter4/offline_processing.tex [68] [69]
[70]

LaTeX Font Warning: Command \small invalid in math mode on input line 176.

[71]
LaTeX Font Info:    Calculating math sizes for size <> on input line 179.


LaTeX Font Warning: Font shape `OT1/cmr/m/n' in size <> not available
(Font)              size <5> substituted on input line 179.


LaTeX Font Warning: Font shape `OT1/cmr/m/n' in size <0.7> not available
(Font)              size <5> substituted on input line 179.


LaTeX Font Warning: Font shape `OT1/cmr/m/n' in size <0.5> not available
(Font)              size <5> substituted on input line 179.


LaTeX Font Warning: Font shape `OML/cmm/m/it' in size <> not available
(Font)              size <5> substituted on input line 179.


LaTeX Font Warning: Font shape `OML/cmm/m/it' in size <0.7> not available
(Font)              size <5> substituted on input line 179.


LaTeX Font Warning: Font shape `OML/cmm/m/it' in size <0.5> not available
(Font)              size <5> substituted on input line 179.


LaTeX Font Warning: Font shape `OMS/cmsy/m/n' in size <> not available
(Font)              size <5> substituted on input line 179.


LaTeX Font Warning: Font shape `OMS/cmsy/m/n' in size <0.7> not available
(Font)              size <5> substituted on input line 179.


LaTeX Font Warning: Font shape `OMS/cmsy/m/n' in size <0.5> not available
(Font)              size <5> substituted on input line 179.

[72]
Package epstopdf Info: Source file: <./Charts/chapter4/charts/convex.eps>
(epstopdf)                    date: 2016-08-28 10:08:48
(epstopdf)                    size: 558009 bytes
(epstopdf)             Output file: <./Charts/convex-eps-converted-to.pdf>
(epstopdf)                    date: 2016-08-28 10:08:49
(epstopdf)                    size: 55834 bytes
(epstopdf)             Command: <epstopdf --outfile=./Charts/convex-eps-convert
ed-to.pdf ./Charts/chapter4/charts/convex.eps>
(epstopdf)             \includegraphics on input line 307.
Package epstopdf Info: Output file is already uptodate.
 <./Charts/convex-eps-converted-to.pdf, id=114, 515.9275pt x 362.35374pt>
File: ./Charts/convex-eps-converted-to.pdf Graphic file (type pdf)

<use ./Charts/convex-eps-converted-to.pdf>
Package pdftex.def Info: ./Charts/convex-eps-converted-to.pdf used on input lin
e 307.
(pdftex.def)             Requested size: 195.12767pt x 137.04341pt.
Package epstopdf Info: Source file: <./Charts/chapter4/charts/concave.eps>
(epstopdf)                    date: 2016-08-28 10:08:48
(epstopdf)                    size: 1249156 bytes
(epstopdf)             Output file: <./Charts/concave-eps-converted-to.pdf>
(epstopdf)                    date: 2016-08-28 10:08:49
(epstopdf)                    size: 197707 bytes
(epstopdf)             Command: <epstopdf --outfile=./Charts/concave-eps-conver
ted-to.pdf ./Charts/chapter4/charts/concave.eps>
(epstopdf)             \includegraphics on input line 312.
Package epstopdf Info: Output file is already uptodate.

<./Charts/concave-eps-converted-to.pdf, id=115, 698.61pt x 498.86375pt>
File: ./Charts/concave-eps-converted-to.pdf Graphic file (type pdf)

<use ./Charts/concave-eps-converted-to.pdf>
Package pdftex.def Info: ./Charts/concave-eps-converted-to.pdf used on input li
ne 312.
(pdftex.def)             Requested size: 195.12767pt x 139.33835pt.
 [73 <F:/GitHubRepos/Thesis/Thesis/Charts/convex-eps-converted-to.pdf> <F:/GitH
ubRepos/Thesis/Thesis/Charts/concave-eps-converted-to.pdf>]
Overfull \hbox (55.92538pt too wide) in paragraph at lines 349--353
\OT1/cmr/m/n/12 On one hand, since $\OML/cmm/m/it/12 t \OMS/cmsy/m/n/12  \OML/
cmm/m/it/12 J[]\OT1/cmr/m/n/12 (\OML/cmm/m/it/12 t\OT1/cmr/m/n/12 )$ is a mono-
tone in-creas-ing func-tion, it fol-lows $(\OML/cmm/m/it/12 x[]w\OT1/cmr/m/n/12
 )\OML/cmm/m/it/12 J[]\OT1/cmr/m/n/12 (\OML/cmm/m/it/12 x[]w\OT1/cmr/m/n/12 ) \
OMS/cmsy/m/n/12 $
 []


LaTeX Warning: Citation `Berg1997Computational' on page 74 undefined on input l
ine 360.

[74]
Package epstopdf Info: Source file: <./Charts/chapter4/charts/window_pruning.ep
s>
(epstopdf)                    date: 2016-08-28 10:08:48
(epstopdf)                    size: 787685 bytes
(epstopdf)             Output file: <./Charts/window_pruning-eps-converted-to.p
df>
(epstopdf)                    date: 2016-08-28 10:08:49
(epstopdf)                    size: 82237 bytes
(epstopdf)             Command: <epstopdf --outfile=./Charts/window_pruning-eps
-converted-to.pdf ./Charts/chapter4/charts/window_pruning.eps>
(epstopdf)             \includegraphics on input line 371.
Package epstopdf Info: Output file is already uptodate.

<./Charts/window_pruning-eps-converted-to.pdf, id=158, 948.54375pt x 578.16pt>
File: ./Charts/window_pruning-eps-converted-to.pdf Graphic file (type pdf)

<use ./Charts/window_pruning-eps-converted-to.pdf>
Package pdftex.def Info: ./Charts/window_pruning-eps-converted-to.pdf used on i
nput line 371.
(pdftex.def)             Requested size: 433.62pt x 264.2983pt.
 [75 <F:/GitHubRepos/Thesis/Thesis/Charts/window_pruning-eps-converted-to.pdf>]


LaTeX Warning: Citation `golab2009sequential' on page 76 undefined on input lin
e 389.

[76]

LaTeX Warning: Citation `Fisher1978An' on page 77 undefined on input line 450.


LaTeX Warning: `h' float specifier changed to `ht'.

) (F:\GitHubRepos\Thesis\Thesis\chapter4/online_processing.tex [77]

LaTeX Warning: Citation `Alonerbuch2003The' on page 78 undefined on input line 
21.

[78] [79] [80]
Package epstopdf Info: Source file: <./Charts/chapter4/charts/active_update.eps
>
(epstopdf)                    date: 2016-08-28 10:08:48
(epstopdf)                    size: 295353 bytes
(epstopdf)             Output file: <./Charts/active_update-eps-converted-to.pd
f>
(epstopdf)                    date: 2016-08-28 10:08:48
(epstopdf)                    size: 16071 bytes
(epstopdf)             Command: <epstopdf --outfile=./Charts/active_update-eps-
converted-to.pdf ./Charts/chapter4/charts/active_update.eps>
(epstopdf)             \includegraphics on input line 94.
Package epstopdf Info: Output file is already uptodate.

<./Charts/active_update-eps-converted-to.pdf, id=231, 517.935pt x 264.99pt>
File: ./Charts/active_update-eps-converted-to.pdf Graphic file (type pdf)

<use ./Charts/active_update-eps-converted-to.pdf>
Package pdftex.def Info: ./Charts/active_update-eps-converted-to.pdf used on in
put line 94.
(pdftex.def)             Requested size: 195.12767pt x 99.83195pt.

Underfull \hbox (badness 2073) in paragraph at lines 95--95
[]\OT1/cmr/m/n/10.95 (a) |Ac-tive up-date of new can-di-date
 []

Package epstopdf Info: Source file: <./Charts/chapter4/charts/passive_update.ep
s>
(epstopdf)                    date: 2016-08-28 10:08:48
(epstopdf)                    size: 297326 bytes
(epstopdf)             Output file: <./Charts/passive_update-eps-converted-to.p
df>
(epstopdf)                    date: 2016-08-28 10:08:49
(epstopdf)                    size: 16418 bytes
(epstopdf)             Command: <epstopdf --outfile=./Charts/passive_update-eps
-converted-to.pdf ./Charts/chapter4/charts/passive_update.eps>
(epstopdf)             \includegraphics on input line 99.
Package epstopdf Info: Output file is already uptodate.

<./Charts/passive_update-eps-converted-to.pdf, id=232, 511.9125pt x 261.97874pt
>
File: ./Charts/passive_update-eps-converted-to.pdf Graphic file (type pdf)
 <use ./Charts/passive_update-eps-converted-to.pdf>
Package pdftex.def Info: ./Charts/passive_update-eps-converted-to.pdf used on i
nput line 99.
(pdftex.def)             Requested size: 195.12767pt x 99.85677pt.
 [81 <F:/GitHubRepos/Thesis/Thesis/Charts/active_update-eps-converted-to.pdf> <
F:/GitHubRepos/Thesis/Thesis/Charts/passive_update-eps-converted-to.pdf>] [82]

LaTeX Warning: Citation `Saha2009On' on page 83 undefined on input line 167.

) (F:\GitHubRepos\Thesis\Thesis\chapter4/experiments.tex [83]

LaTeX Warning: Citation `Lichman2013' on page 84 undefined on input line 6.

[84]
Overfull \hbox (4.4876pt too wide) in paragraph at lines 64--65
\OT1/cmr/bx/n/12 Visiting-Window Prun-ing (V-WP)\OT1/cmr/m/n/12 : V-WP only ado
pts the \OT1/cmr/m/it/12 visiting-window \OT1/cmr/m/n/12 bound
 []

[85]
Package epstopdf Info: Source file: <./Charts/chapter4/exp/offline/varyp/nba_va
ry_p.eps>
(epstopdf)                    date: 2016-08-28 10:08:48
(epstopdf)                    size: 22407 bytes
(epstopdf)             Output file: <./Charts/nba_vary_p-eps-converted-to.pdf>
(epstopdf)                    date: 2016-08-28 10:08:49
(epstopdf)                    size: 4737 bytes
(epstopdf)             Command: <epstopdf --outfile=./Charts/nba_vary_p-eps-con
verted-to.pdf ./Charts/chapter4/exp/offline/varyp/nba_vary_p.eps>
(epstopdf)             \includegraphics on input line 76.
Package epstopdf Info: Output file is already uptodate.
 <./Charts/nba_vary_p-eps-converted-to.pdf, id=261, 519.9425pt x 361.35pt>
File: ./Charts/nba_vary_p-eps-converted-to.pdf Graphic file (type pdf)

<use ./Charts/nba_vary_p-eps-converted-to.pdf>
Package pdftex.def Info: ./Charts/nba_vary_p-eps-converted-to.pdf used on input
 line 76.
(pdftex.def)             Requested size: 195.12767pt x 135.61067pt.
Package epstopdf Info: Source file: <./Charts/chapter4/exp/offline/varyp/power_
vary_p.eps>
(epstopdf)                    date: 2016-08-28 10:08:48
(epstopdf)                    size: 23041 bytes
(epstopdf)             Output file: <./Charts/power_vary_p-eps-converted-to.pdf
>
(epstopdf)                    date: 2016-08-28 10:08:49
(epstopdf)                    size: 4956 bytes
(epstopdf)             Command: <epstopdf --outfile=./Charts/power_vary_p-eps-c
onverted-to.pdf ./Charts/chapter4/exp/offline/varyp/power_vary_p.eps>
(epstopdf)             \includegraphics on input line 80.
Package epstopdf Info: Output file is already uptodate.

<./Charts/power_vary_p-eps-converted-to.pdf, id=262, 519.9425pt x 361.35pt>
File: ./Charts/power_vary_p-eps-converted-to.pdf Graphic file (type pdf)

<use ./Charts/power_vary_p-eps-converted-to.pdf>
Package pdftex.def Info: ./Charts/power_vary_p-eps-converted-to.pdf used on inp
ut line 80.
(pdftex.def)             Requested size: 195.12767pt x 135.61067pt.
Package epstopdf Info: Source file: <./Charts/chapter4/exp/offline/varyp/stock_
vary_p.eps>
(epstopdf)                    date: 2016-08-28 10:08:48
(epstopdf)                    size: 22405 bytes
(epstopdf)             Output file: <./Charts/stock_vary_p-eps-converted-to.pdf
>
(epstopdf)                    date: 2016-08-28 10:08:49
(epstopdf)                    size: 4735 bytes
(epstopdf)             Command: <epstopdf --outfile=./Charts/stock_vary_p-eps-c
onverted-to.pdf ./Charts/chapter4/exp/offline/varyp/stock_vary_p.eps>
(epstopdf)             \includegraphics on input line 84.
Package epstopdf Info: Output file is already uptodate.

<./Charts/stock_vary_p-eps-converted-to.pdf, id=263, 519.9425pt x 361.35pt>
File: ./Charts/stock_vary_p-eps-converted-to.pdf Graphic file (type pdf)

<use ./Charts/stock_vary_p-eps-converted-to.pdf>
Package pdftex.def Info: ./Charts/stock_vary_p-eps-converted-to.pdf used on inp
ut line 84.
(pdftex.def)             Requested size: 195.12767pt x 135.61067pt.
Package epstopdf Info: Source file: <./Charts/chapter4/exp/offline/varyp/pems_v
ary_p.eps>
(epstopdf)                    date: 2016-08-28 10:08:48
(epstopdf)                    size: 21956 bytes
(epstopdf)             Output file: <./Charts/pems_vary_p-eps-converted-to.pdf>

(epstopdf)                    date: 2016-08-28 10:08:49
(epstopdf)                    size: 4621 bytes
(epstopdf)             Command: <epstopdf --outfile=./Charts/pems_vary_p-eps-co
nverted-to.pdf ./Charts/chapter4/exp/offline/varyp/pems_vary_p.eps>
(epstopdf)             \includegraphics on input line 88.
Package epstopdf Info: Output file is already uptodate.

<./Charts/pems_vary_p-eps-converted-to.pdf, id=264, 519.9425pt x 361.35pt>
File: ./Charts/pems_vary_p-eps-converted-to.pdf Graphic file (type pdf)

<use ./Charts/pems_vary_p-eps-converted-to.pdf>
Package pdftex.def Info: ./Charts/pems_vary_p-eps-converted-to.pdf used on inpu
t line 88.
(pdftex.def)             Requested size: 195.12767pt x 135.61067pt.
 [86 <F:/GitHubRepos/Thesis/Thesis/Charts/nba_vary_p-eps-converted-to.pdf> <F:/
GitHubRepos/Thesis/Thesis/Charts/power_vary_p-eps-converted-to.pdf> <F:/GitHubR
epos/Thesis/Thesis/Charts/stock_vary_p-eps-converted-to.pdf> <F:/GitHubRepos/Th
esis/Thesis/Charts/pems_vary_p-eps-converted-to.pdf>]
Package epstopdf Info: Source file: <./Charts/chapter4/exp/offline/varyh/nba_va
ryh.eps>
(epstopdf)                    date: 2016-08-28 10:08:48
(epstopdf)                    size: 21462 bytes
(epstopdf)             Output file: <./Charts/nba_varyh-eps-converted-to.pdf>
(epstopdf)                    date: 2016-08-28 10:08:49
(epstopdf)                    size: 4347 bytes
(epstopdf)             Command: <epstopdf --outfile=./Charts/nba_varyh-eps-conv
erted-to.pdf ./Charts/chapter4/exp/offline/varyh/nba_varyh.eps>
(epstopdf)             \includegraphics on input line 117.
Package epstopdf Info: Output file is already uptodate.

<./Charts/nba_varyh-eps-converted-to.pdf, id=280, 519.9425pt x 346.29375pt>
File: ./Charts/nba_varyh-eps-converted-to.pdf Graphic file (type pdf)

<use ./Charts/nba_varyh-eps-converted-to.pdf>
Package pdftex.def Info: ./Charts/nba_varyh-eps-converted-to.pdf used on input 
line 117.
(pdftex.def)             Requested size: 195.12767pt x 129.96022pt.
Package epstopdf Info: Source file: <./Charts/chapter4/exp/offline/varyh/power_
varyh.eps>
(epstopdf)                    date: 2016-08-28 10:08:48
(epstopdf)                    size: 21277 bytes
(epstopdf)             Output file: <./Charts/power_varyh-eps-converted-to.pdf>

(epstopdf)                    date: 2016-08-28 10:08:49
(epstopdf)                    size: 4268 bytes
(epstopdf)             Command: <epstopdf --outfile=./Charts/power_varyh-eps-co
nverted-to.pdf ./Charts/chapter4/exp/offline/varyh/power_varyh.eps>
(epstopdf)             \includegraphics on input line 121.
Package epstopdf Info: Output file is already uptodate.

<./Charts/power_varyh-eps-converted-to.pdf, id=281, 519.9425pt x 346.29375pt>
File: ./Charts/power_varyh-eps-converted-to.pdf Graphic file (type pdf)

<use ./Charts/power_varyh-eps-converted-to.pdf>
Package pdftex.def Info: ./Charts/power_varyh-eps-converted-to.pdf used on inpu
t line 121.
(pdftex.def)             Requested size: 195.12767pt x 129.96022pt.
Package epstopdf Info: Source file: <./Charts/chapter4/exp/offline/varyh/stock_
varyh.eps>
(epstopdf)                    date: 2016-08-28 10:08:48
(epstopdf)                    size: 21277 bytes
(epstopdf)             Output file: <./Charts/stock_varyh-eps-converted-to.pdf>

(epstopdf)                    date: 2016-08-28 10:08:49
(epstopdf)                    size: 4275 bytes
(epstopdf)             Command: <epstopdf --outfile=./Charts/stock_varyh-eps-co
nverted-to.pdf ./Charts/chapter4/exp/offline/varyh/stock_varyh.eps>
(epstopdf)             \includegraphics on input line 125.
Package epstopdf Info: Output file is already uptodate.

<./Charts/stock_varyh-eps-converted-to.pdf, id=282, 519.9425pt x 346.29375pt>
File: ./Charts/stock_varyh-eps-converted-to.pdf Graphic file (type pdf)

<use ./Charts/stock_varyh-eps-converted-to.pdf>
Package pdftex.def Info: ./Charts/stock_varyh-eps-converted-to.pdf used on inpu
t line 125.
(pdftex.def)             Requested size: 195.12767pt x 129.96022pt.
Package epstopdf Info: Source file: <./Charts/chapter4/exp/offline/varyh/pems_v
aryh.eps>
(epstopdf)                    date: 2016-08-28 10:08:48
(epstopdf)                    size: 21465 bytes
(epstopdf)             Output file: <./Charts/pems_varyh-eps-converted-to.pdf>
(epstopdf)                    date: 2016-08-28 10:08:49
(epstopdf)                    size: 4348 bytes
(epstopdf)             Command: <epstopdf --outfile=./Charts/pems_varyh-eps-con
verted-to.pdf ./Charts/chapter4/exp/offline/varyh/pems_varyh.eps>
(epstopdf)             \includegraphics on input line 129.
Package epstopdf Info: Output file is already uptodate.

<./Charts/pems_varyh-eps-converted-to.pdf, id=283, 519.9425pt x 346.29375pt>
File: ./Charts/pems_varyh-eps-converted-to.pdf Graphic file (type pdf)

<use ./Charts/pems_varyh-eps-converted-to.pdf>
Package pdftex.def Info: ./Charts/pems_varyh-eps-converted-to.pdf used on input
 line 129.
(pdftex.def)             Requested size: 195.12767pt x 129.96022pt.
 [87 <F:/GitHubRepos/Thesis/Thesis/Charts/nba_varyh-eps-converted-to.pdf> <F:/G
itHubRepos/Thesis/Thesis/Charts/power_varyh-eps-converted-to.pdf> <F:/GitHubRep
os/Thesis/Thesis/Charts/stock_varyh-eps-converted-to.pdf> <F:/GitHubRepos/Thesi
s/Thesis/Charts/pems_varyh-eps-converted-to.pdf>] [88]
Package epstopdf Info: Source file: <./Charts/chapter4/exp/online/varyp/nba_var
yp.eps>
(epstopdf)                    date: 2016-08-28 10:08:48
(epstopdf)                    size: 21212 bytes
(epstopdf)             Output file: <./Charts/nba_varyp-eps-converted-to.pdf>
(epstopdf)                    date: 2016-08-28 10:08:49
(epstopdf)                    size: 4124 bytes
(epstopdf)             Command: <epstopdf --outfile=./Charts/nba_varyp-eps-conv
erted-to.pdf ./Charts/chapter4/exp/online/varyp/nba_varyp.eps>
(epstopdf)             \includegraphics on input line 200.
Package epstopdf Info: Output file is already uptodate.

<./Charts/nba_varyp-eps-converted-to.pdf, id=303, 433.62pt x 289.08pt>
File: ./Charts/nba_varyp-eps-converted-to.pdf Graphic file (type pdf)

<use ./Charts/nba_varyp-eps-converted-to.pdf>
Package pdftex.def Info: ./Charts/nba_varyp-eps-converted-to.pdf used on input 
line 200.
(pdftex.def)             Requested size: 195.12767pt x 130.0848pt.
Package epstopdf Info: Source file: <./Charts/chapter4/exp/online/varyp/power_v
aryp.eps>
(epstopdf)                    date: 2016-08-28 10:08:48
(epstopdf)                    size: 21214 bytes
(epstopdf)             Output file: <./Charts/power_varyp-eps-converted-to.pdf>

(epstopdf)                    date: 2016-08-28 10:08:49
(epstopdf)                    size: 4114 bytes
(epstopdf)             Command: <epstopdf --outfile=./Charts/power_varyp-eps-co
nverted-to.pdf ./Charts/chapter4/exp/online/varyp/power_varyp.eps>
(epstopdf)             \includegraphics on input line 204.
Package epstopdf Info: Output file is already uptodate.

<./Charts/power_varyp-eps-converted-to.pdf, id=304, 433.62pt x 289.08pt>
File: ./Charts/power_varyp-eps-converted-to.pdf Graphic file (type pdf)

<use ./Charts/power_varyp-eps-converted-to.pdf>
Package pdftex.def Info: ./Charts/power_varyp-eps-converted-to.pdf used on inpu
t line 204.
(pdftex.def)             Requested size: 195.12767pt x 130.0848pt.
Package epstopdf Info: Source file: <./Charts/chapter4/exp/online/varyp/stock_v
aryp.eps>
(epstopdf)                    date: 2016-08-28 10:08:49
(epstopdf)                    size: 21465 bytes
(epstopdf)             Output file: <./Charts/stock_varyp-eps-converted-to.pdf>

(epstopdf)                    date: 2016-08-28 10:08:49
(epstopdf)                    size: 4167 bytes
(epstopdf)             Command: <epstopdf --outfile=./Charts/stock_varyp-eps-co
nverted-to.pdf ./Charts/chapter4/exp/online/varyp/stock_varyp.eps>
(epstopdf)             \includegraphics on input line 208.
Package epstopdf Info: Output file is already uptodate.

<./Charts/stock_varyp-eps-converted-to.pdf, id=305, 433.62pt x 289.08pt>
File: ./Charts/stock_varyp-eps-converted-to.pdf Graphic file (type pdf)

<use ./Charts/stock_varyp-eps-converted-to.pdf>
Package pdftex.def Info: ./Charts/stock_varyp-eps-converted-to.pdf used on inpu
t line 208.
(pdftex.def)             Requested size: 195.12767pt x 130.0848pt.
Package epstopdf Info: Source file: <./Charts/chapter4/exp/online/varyp/pems_va
ryp.eps>
(epstopdf)                    date: 2016-08-28 10:08:48
(epstopdf)                    size: 21227 bytes
(epstopdf)             Output file: <./Charts/pems_varyp-eps-converted-to.pdf>
(epstopdf)                    date: 2016-08-28 10:08:49
(epstopdf)                    size: 4134 bytes
(epstopdf)             Command: <epstopdf --outfile=./Charts/pems_varyp-eps-con
verted-to.pdf ./Charts/chapter4/exp/online/varyp/pems_varyp.eps>
(epstopdf)             \includegraphics on input line 212.
Package epstopdf Info: Output file is already uptodate.

<./Charts/pems_varyp-eps-converted-to.pdf, id=306, 433.62pt x 289.08pt>
File: ./Charts/pems_varyp-eps-converted-to.pdf Graphic file (type pdf)

<use ./Charts/pems_varyp-eps-converted-to.pdf>
Package pdftex.def Info: ./Charts/pems_varyp-eps-converted-to.pdf used on input
 line 212.
(pdftex.def)             Requested size: 195.12767pt x 130.0848pt.
 [89 <F:/GitHubRepos/Thesis/Thesis/Charts/nba_varyp-eps-converted-to.pdf> <F:/G
itHubRepos/Thesis/Thesis/Charts/power_varyp-eps-converted-to.pdf> <F:/GitHubRep
os/Thesis/Thesis/Charts/stock_varyp-eps-converted-to.pdf> <F:/GitHubRepos/Thesi
s/Thesis/Charts/pems_varyp-eps-converted-to.pdf>]
Package epstopdf Info: Source file: <./Charts/chapter4/exp/online/varyk/nba_var
yk.eps>
(epstopdf)                    date: 2016-08-28 10:08:48
(epstopdf)                    size: 21327 bytes
(epstopdf)             Output file: <./Charts/nba_varyk-eps-converted-to.pdf>
(epstopdf)                    date: 2016-08-28 10:08:49
(epstopdf)                    size: 4109 bytes
(epstopdf)             Command: <epstopdf --outfile=./Charts/nba_varyk-eps-conv
erted-to.pdf ./Charts/chapter4/exp/online/varyk/nba_varyk.eps>
(epstopdf)             \includegraphics on input line 233.
Package epstopdf Info: Output file is already uptodate.

<./Charts/nba_varyk-eps-converted-to.pdf, id=322, 433.62pt x 289.08pt>
File: ./Charts/nba_varyk-eps-converted-to.pdf Graphic file (type pdf)

<use ./Charts/nba_varyk-eps-converted-to.pdf>
Package pdftex.def Info: ./Charts/nba_varyk-eps-converted-to.pdf used on input 
line 233.
(pdftex.def)             Requested size: 195.12767pt x 130.0848pt.
Package epstopdf Info: Source file: <./Charts/chapter4/exp/online/varyk/power_v
aryk.eps>
(epstopdf)                    date: 2016-08-28 10:08:48
(epstopdf)                    size: 21091 bytes
(epstopdf)             Output file: <./Charts/power_varyk-eps-converted-to.pdf>

(epstopdf)                    date: 2016-08-28 10:08:49
(epstopdf)                    size: 4115 bytes
(epstopdf)             Command: <epstopdf --outfile=./Charts/power_varyk-eps-co
nverted-to.pdf ./Charts/chapter4/exp/online/varyk/power_varyk.eps>
(epstopdf)             \includegraphics on input line 237.
Package epstopdf Info: Output file is already uptodate.

<./Charts/power_varyk-eps-converted-to.pdf, id=323, 433.62pt x 289.08pt>
File: ./Charts/power_varyk-eps-converted-to.pdf Graphic file (type pdf)

<use ./Charts/power_varyk-eps-converted-to.pdf>
Package pdftex.def Info: ./Charts/power_varyk-eps-converted-to.pdf used on inpu
t line 237.
(pdftex.def)             Requested size: 195.12767pt x 130.0848pt.
Package epstopdf Info: Source file: <./Charts/chapter4/exp/online/varyk/stock_v
aryk.eps>
(epstopdf)                    date: 2016-08-28 10:08:48
(epstopdf)                    size: 21891 bytes
(epstopdf)             Output file: <./Charts/stock_varyk-eps-converted-to.pdf>

(epstopdf)                    date: 2016-08-28 10:08:49
(epstopdf)                    size: 4231 bytes
(epstopdf)             Command: <epstopdf --outfile=./Charts/stock_varyk-eps-co
nverted-to.pdf ./Charts/chapter4/exp/online/varyk/stock_varyk.eps>
(epstopdf)             \includegraphics on input line 241.
Package epstopdf Info: Output file is already uptodate.

<./Charts/stock_varyk-eps-converted-to.pdf, id=324, 433.62pt x 289.08pt>
File: ./Charts/stock_varyk-eps-converted-to.pdf Graphic file (type pdf)

<use ./Charts/stock_varyk-eps-converted-to.pdf>
Package pdftex.def Info: ./Charts/stock_varyk-eps-converted-to.pdf used on inpu
t line 241.
(pdftex.def)             Requested size: 195.12767pt x 130.0848pt.
Package epstopdf Info: Source file: <./Charts/chapter4/exp/online/varyk/pems_va
ryk.eps>
(epstopdf)                    date: 2016-08-28 10:08:48
(epstopdf)                    size: 20975 bytes
(epstopdf)             Output file: <./Charts/pems_varyk-eps-converted-to.pdf>
(epstopdf)                    date: 2016-08-28 10:08:49
(epstopdf)                    size: 4085 bytes
(epstopdf)             Command: <epstopdf --outfile=./Charts/pems_varyk-eps-con
verted-to.pdf ./Charts/chapter4/exp/online/varyk/pems_varyk.eps>
(epstopdf)             \includegraphics on input line 245.
Package epstopdf Info: Output file is already uptodate.

<./Charts/pems_varyk-eps-converted-to.pdf, id=325, 433.62pt x 289.08pt>
File: ./Charts/pems_varyk-eps-converted-to.pdf Graphic file (type pdf)

<use ./Charts/pems_varyk-eps-converted-to.pdf>
Package pdftex.def Info: ./Charts/pems_varyk-eps-converted-to.pdf used on input
 line 245.
(pdftex.def)             Requested size: 195.12767pt x 130.0848pt.
Package epstopdf Info: Source file: <./Charts/chapter4/exp/online/varyh/nba_var
yh.eps>
(epstopdf)                    date: 2016-08-28 10:08:48
(epstopdf)                    size: 21217 bytes
(epstopdf)             Output file: <./Charts/nba_varyh-eps-converted-to.pdf>
(epstopdf)                    date: 2016-08-28 10:08:49
(epstopdf)                    size: 4347 bytes
(epstopdf)             Command: <epstopdf --outfile=./Charts/nba_varyh-eps-conv
erted-to.pdf ./Charts/chapter4/exp/online/varyh/nba_varyh.eps>
(epstopdf)             \includegraphics on input line 264.
Package epstopdf Info: Output file is already uptodate.
File: ./Charts/nba_varyh-eps-converted-to.pdf Graphic file (type pdf)

<use ./Charts/nba_varyh-eps-converted-to.pdf>
Package pdftex.def Info: ./Charts/nba_varyh-eps-converted-to.pdf used on input 
line 264.
(pdftex.def)             Requested size: 195.12767pt x 129.96022pt.
Package epstopdf Info: Source file: <./Charts/chapter4/exp/online/varyh/power_v
aryh.eps>
(epstopdf)                    date: 2016-08-28 10:08:48
(epstopdf)                    size: 20986 bytes
(epstopdf)             Output file: <./Charts/power_varyh-eps-converted-to.pdf>

(epstopdf)                    date: 2016-08-28 10:08:49
(epstopdf)                    size: 4268 bytes
(epstopdf)             Command: <epstopdf --outfile=./Charts/power_varyh-eps-co
nverted-to.pdf ./Charts/chapter4/exp/online/varyh/power_varyh.eps>
(epstopdf)             \includegraphics on input line 268.
Package epstopdf Info: Output file is already uptodate.
File: ./Charts/power_varyh-eps-converted-to.pdf Graphic file (type pdf)

<use ./Charts/power_varyh-eps-converted-to.pdf>
Package pdftex.def Info: ./Charts/power_varyh-eps-converted-to.pdf used on inpu
t line 268.
(pdftex.def)             Requested size: 195.12767pt x 129.96022pt.
Package epstopdf Info: Source file: <./Charts/chapter4/exp/online/varyh/stock_v
aryh.eps>
(epstopdf)                    date: 2016-08-28 10:08:48
(epstopdf)                    size: 20996 bytes
(epstopdf)             Output file: <./Charts/stock_varyh-eps-converted-to.pdf>

(epstopdf)                    date: 2016-08-28 10:08:49
(epstopdf)                    size: 4275 bytes
(epstopdf)             Command: <epstopdf --outfile=./Charts/stock_varyh-eps-co
nverted-to.pdf ./Charts/chapter4/exp/online/varyh/stock_varyh.eps>
(epstopdf)             \includegraphics on input line 272.
Package epstopdf Info: Output file is already uptodate.
File: ./Charts/stock_varyh-eps-converted-to.pdf Graphic file (type pdf)

<use ./Charts/stock_varyh-eps-converted-to.pdf>
Package pdftex.def Info: ./Charts/stock_varyh-eps-converted-to.pdf used on inpu
t line 272.
(pdftex.def)             Requested size: 195.12767pt x 129.96022pt.
Package epstopdf Info: Source file: <./Charts/chapter4/exp/online/varyh/pems_va
ryh.eps>
(epstopdf)                    date: 2016-08-28 10:08:48
(epstopdf)                    size: 21112 bytes
(epstopdf)             Output file: <./Charts/pems_varyh-eps-converted-to.pdf>
(epstopdf)                    date: 2016-08-28 10:08:49
(epstopdf)                    size: 4348 bytes
(epstopdf)             Command: <epstopdf --outfile=./Charts/pems_varyh-eps-con
verted-to.pdf ./Charts/chapter4/exp/online/varyh/pems_varyh.eps>
(epstopdf)             \includegraphics on input line 276.
Package epstopdf Info: Output file is already uptodate.
File: ./Charts/pems_varyh-eps-converted-to.pdf Graphic file (type pdf)

<use ./Charts/pems_varyh-eps-converted-to.pdf>
Package pdftex.def Info: ./Charts/pems_varyh-eps-converted-to.pdf used on input
 line 276.
(pdftex.def)             Requested size: 195.12767pt x 129.96022pt.
 [90 <F:/GitHubRepos/Thesis/Thesis/Charts/nba_varyk-eps-converted-to.pdf> <F:/G
itHubRepos/Thesis/Thesis/Charts/power_varyk-eps-converted-to.pdf> <F:/GitHubRep
os/Thesis/Thesis/Charts/stock_varyk-eps-converted-to.pdf> <F:/GitHubRepos/Thesi
s/Thesis/Charts/pems_varyk-eps-converted-to.pdf>] [91] [92]
Package epstopdf Info: Source file: <./Charts/chapter4/exp/sky_comp/sky_comp_of
fline.eps>
(epstopdf)                    date: 2016-08-28 10:08:49
(epstopdf)                    size: 21437 bytes
(epstopdf)             Output file: <./Charts/sky_comp_offline-eps-converted-to
.pdf>
(epstopdf)                    date: 2016-08-28 10:08:49
(epstopdf)                    size: 15391 bytes
(epstopdf)             Command: <epstopdf --outfile=./Charts/sky_comp_offline-e
ps-converted-to.pdf ./Charts/chapter4/exp/sky_comp/sky_comp_offline.eps>
(epstopdf)             \includegraphics on input line 325.
Package epstopdf Info: Output file is already uptodate.

<./Charts/sky_comp_offline-eps-converted-to.pdf, id=347, 433.62pt x 289.08pt>
File: ./Charts/sky_comp_offline-eps-converted-to.pdf Graphic file (type pdf)

<use ./Charts/sky_comp_offline-eps-converted-to.pdf>
Package pdftex.def Info: ./Charts/sky_comp_offline-eps-converted-to.pdf used on
 input line 325.
(pdftex.def)             Requested size: 195.12767pt x 130.0848pt.
Package epstopdf Info: Source file: <./Charts/chapter4/exp/sky_comp/sky_comp_on
line.eps>
(epstopdf)                    date: 2016-08-28 10:08:49
(epstopdf)                    size: 21319 bytes
(epstopdf)             Output file: <./Charts/sky_comp_online-eps-converted-to.
pdf>
(epstopdf)                    date: 2016-08-28 10:08:49
(epstopdf)                    size: 10728 bytes
(epstopdf)             Command: <epstopdf --outfile=./Charts/sky_comp_online-ep
s-converted-to.pdf ./Charts/chapter4/exp/sky_comp/sky_comp_online.eps>
(epstopdf)             \includegraphics on input line 329.
Package epstopdf Info: Output file is already uptodate.

<./Charts/sky_comp_online-eps-converted-to.pdf, id=348, 433.62pt x 289.08pt>
File: ./Charts/sky_comp_online-eps-converted-to.pdf Graphic file (type pdf)

<use ./Charts/sky_comp_online-eps-converted-to.pdf>
Package pdftex.def Info: ./Charts/sky_comp_online-eps-converted-to.pdf used on 
input line 329.
(pdftex.def)             Requested size: 195.12767pt x 130.0848pt.
Package epstopdf Info: Source file: <./Charts/chapter4/exp/survey/survey.eps>
(epstopdf)                    date: 2016-08-28 10:08:49
(epstopdf)                    size: 288267 bytes
(epstopdf)             Output file: <./Charts/survey-eps-converted-to.pdf>
(epstopdf)                    date: 2016-08-28 10:08:49
(epstopdf)                    size: 19877 bytes
(epstopdf)             Command: <epstopdf --outfile=./Charts/survey-eps-convert
ed-to.pdf ./Charts/chapter4/exp/survey/survey.eps>
(epstopdf)             \includegraphics on input line 338.
Package epstopdf Info: Output file is already uptodate.

<./Charts/survey-eps-converted-to.pdf, id=349, 351.3125pt x 212.795pt>
File: ./Charts/survey-eps-converted-to.pdf Graphic file (type pdf)

<use ./Charts/survey-eps-converted-to.pdf>
Package pdftex.def Info: ./Charts/survey-eps-converted-to.pdf used on input lin
e 338.
(pdftex.def)             Requested size: 303.53267pt x 183.86707pt.


LaTeX Warning: `h' float specifier changed to `ht'.

) (F:\GitHubRepos\Thesis\Thesis\chapter4/conclusion.tex [93 <F:/GitHubRepos/The
sis/Thesis/Charts/sky_comp_offline-eps-converted-to.pdf> <F:/GitHubRepos/Thesis
/Thesis/Charts/sky_comp_online-eps-converted-to.pdf>])) [94 <F:/GitHubRepos/The
sis/Thesis/Charts/survey-eps-converted-to.pdf>]
(F:\GitHubRepos\Thesis\Thesis\thesis.bbl [131




] [132] [133] [134] [135]
Missing character: There is no  in font cmr12!
Missing character: There is no  in font cmr12!
Missing character: There is no  in font cmr12!
 [136]
[137] [138] [139]) [140] (F:\GitHubRepos\Thesis\Thesis\appendix.tex
Appendix A.

LaTeX Warning: `h' float specifier changed to `ht'.

[141


] [142] [143]) [144] (F:\GitHubRepos\Thesis\Thesis\thesis.aux
(F:\GitHubRepos\Thesis\Thesis\chapter1/chapter1.aux)
(F:\GitHubRepos\Thesis\Thesis\chapter2/chapter2.aux)
(F:\GitHubRepos\Thesis\Thesis\chapter3/chapter3.aux)
(F:\GitHubRepos\Thesis\Thesis\chapter4/chapter4.aux)
(F:\GitHubRepos\Thesis\Thesis\chapter5/chapter5.aux)
(F:\GitHubRepos\Thesis\Thesis\conclusions.aux)
(F:\GitHubRepos\Thesis\Thesis\appendix.aux))

LaTeX Font Warning: Size substitutions with differences
(Font)              up to 4.5pt have occurred.


LaTeX Warning: There were undefined references.

 ) 
Here is how much of TeX's memory you used:
 14111 strings out of 493921
 252774 string characters out of 3154491
 296498 words of memory out of 3000000
 16979 multiletter control sequences out of 15000+200000
 22452 words of font info for 90 fonts, out of 3000000 for 9000
 841 hyphenation exceptions out of 8191
 63i,17n,75p,1356b,544s stack positions out of 5000i,500n,10000p,200000b,50000s
<D:/MikTex/fonts/type1/public/amsfonts/cm/cmbx10.pfb><D:/MikTex/fonts/type1/p
ublic/amsfonts/cm/cmbx12.pfb><D:/MikTex/fonts/type1/public/amsfonts/cm/cmex10.p
fb><D:/MikTex/fonts/type1/public/amsfonts/cm/cmmi10.pfb><D:/MikTex/fonts/type1/
public/amsfonts/cm/cmmi12.pfb><D:/MikTex/fonts/type1/public/amsfonts/cm/cmmi6.p
fb><D:/MikTex/fonts/type1/public/amsfonts/cm/cmmi8.pfb><D:/MikTex/fonts/type1/p
ublic/amsfonts/cm/cmr10.pfb><D:/MikTex/fonts/type1/public/amsfonts/cm/cmr12.pfb
><D:/MikTex/fonts/type1/public/amsfonts/cm/cmr6.pfb><D:/MikTex/fonts/type1/publ
ic/amsfonts/cm/cmr7.pfb><D:/MikTex/fonts/type1/public/amsfonts/cm/cmr8.pfb><D:/
MikTex/fonts/type1/public/amsfonts/cm/cmsy10.pfb><D:/MikTex/fonts/type1/public/
amsfonts/cm/cmsy8.pfb><D:/MikTex/fonts/type1/public/amsfonts/cm/cmti12.pfb><D:/
MikTex/fonts/type1/public/amsfonts/cm/cmtt12.pfb><D:/MikTex/fonts/type1/public/
amsfonts/symbols/msbm10.pfb>
Output written on thesis.pdf (51 pages, 891173 bytes).
PDF statistics:
 476 PDF objects out of 1000 (max. 8388607)
 0 named destinations out of 1000 (max. 500000)
 138 words of extra memory for PDF output out of 10000 (max. 10000000)

